[debug] [2023-03-27T18:24:49.758Z] ----------------------------------------------------------------------
[debug] [2023-03-27T18:24:49.760Z] Command:       C:\Program Files\nodejs\node.exe C:\Users\hp\AppData\Roaming\npm\node_modules\firebase-tools\lib\bin\firebase.js emulators:start
[debug] [2023-03-27T18:24:49.761Z] CLI Version:   11.24.1
[debug] [2023-03-27T18:24:49.761Z] Platform:      win32
[debug] [2023-03-27T18:24:49.761Z] Node Version:  v16.14.0
[debug] [2023-03-27T18:24:49.769Z] Time:          Mon Mar 27 2023 23:54:49 GMT+0530 (India Standard Time)
[debug] [2023-03-27T18:24:49.769Z] ----------------------------------------------------------------------
[debug] 
[debug] [2023-03-27T18:24:49.886Z] > command requires scopes: ["email","openid","https://www.googleapis.com/auth/cloudplatformprojects.readonly","https://www.googleapis.com/auth/firebase","https://www.googleapis.com/auth/cloud-platform"]
[debug] [2023-03-27T18:24:49.887Z] > authorizing via signed-in user (anshojha24@gmail.com)
[info] i  emulators: Starting emulators: functions, hosting {"metadata":{"emulator":{"name":"hub"},"message":"Starting emulators: functions, hosting"}}
[debug] [2023-03-27T18:24:49.903Z] [logging] Logging Emulator only supports listening on one address (127.0.0.1). Not listening on ::1
[debug] [2023-03-27T18:24:49.904Z] [hosting] Hosting Emulator only supports listening on one address (127.0.0.1). Not listening on ::1
[debug] [2023-03-27T18:24:49.904Z] assigned listening specs for emulators {"user":{"hub":[{"address":"127.0.0.1","family":"IPv4","port":4400},{"address":"::1","family":"IPv6","port":4400}],"ui":[{"address":"127.0.0.1","family":"IPv4","port":4000},{"address":"::1","family":"IPv6","port":4000}],"logging":[{"address":"127.0.0.1","family":"IPv4","port":4500}],"hosting":[{"address":"127.0.0.1","family":"IPv4","port":5000}]},"metadata":{"message":"assigned listening specs for emulators"}}
[debug] [2023-03-27T18:24:49.919Z] [hub] writing locator at C:\Users\hp\AppData\Local\Temp\hub-e-clone-a567d.json
[debug] [2023-03-27T18:24:50.035Z] [functions] Functions Emulator only supports listening on one address (127.0.0.1). Not listening on ::1
[debug] [2023-03-27T18:24:50.036Z] [eventarc] Eventarc Emulator only supports listening on one address (127.0.0.1). Not listening on ::1
[debug] [2023-03-27T18:24:50.036Z] late-assigned ports for functions and eventarc emulators {"user":{"hub":[{"address":"127.0.0.1","family":"IPv4","port":4400},{"address":"::1","family":"IPv6","port":4400}],"ui":[{"address":"127.0.0.1","family":"IPv4","port":4000},{"address":"::1","family":"IPv6","port":4000}],"logging":[{"address":"127.0.0.1","family":"IPv4","port":4500}],"hosting":[{"address":"127.0.0.1","family":"IPv4","port":5000}],"functions":[{"address":"127.0.0.1","family":"IPv4","port":5001}],"eventarc":[{"address":"127.0.0.1","family":"IPv4","port":9299}]},"metadata":{"message":"late-assigned ports for functions and eventarc emulators"}}
[warn] !  functions: The following emulators are not running, calls to these services from the Functions emulator will affect production: auth, firestore, database, pubsub, storage {"metadata":{"emulator":{"name":"functions"},"message":"The following emulators are not running, calls to these services from the Functions emulator will affect production: \u001b[1mauth, firestore, database, pubsub, storage\u001b[22m"}}
[debug] [2023-03-27T18:24:50.047Z] defaultcredentials: writing to file C:\Users\hp\AppData\Roaming\firebase\anshojha24_gmail_com_application_default_credentials.json
[debug] [2023-03-27T18:24:50.089Z] Setting GAC to C:\Users\hp\AppData\Roaming\firebase\anshojha24_gmail_com_application_default_credentials.json {"metadata":{"emulator":{"name":"functions"},"message":"Setting GAC to C:\\Users\\hp\\AppData\\Roaming\\firebase\\anshojha24_gmail_com_application_default_credentials.json"}}
[debug] [2023-03-27T18:24:50.095Z] >>> [apiv2][query] GET https://firebase.googleapis.com/v1beta1/projects/e-clone-a567d/adminSdkConfig [none]
[debug] [2023-03-27T18:24:50.787Z] <<< [apiv2][status] GET https://firebase.googleapis.com/v1beta1/projects/e-clone-a567d/adminSdkConfig 200
[debug] [2023-03-27T18:24:50.788Z] <<< [apiv2][body] GET https://firebase.googleapis.com/v1beta1/projects/e-clone-a567d/adminSdkConfig {"projectId":"e-clone-a567d","storageBucket":"e-clone-a567d.appspot.com"}
[debug] [2023-03-27T18:24:50.827Z] >>> [apiv2][query] GET https://firebasehosting.googleapis.com/v1beta1/projects/e-clone-a567d/sites 
[debug] [2023-03-27T18:24:51.730Z] <<< [apiv2][status] GET https://firebasehosting.googleapis.com/v1beta1/projects/e-clone-a567d/sites 200
[debug] [2023-03-27T18:24:51.730Z] <<< [apiv2][body] GET https://firebasehosting.googleapis.com/v1beta1/projects/e-clone-a567d/sites {"sites":[{"name":"projects/e-clone-a567d/sites/e-clone-a567d","defaultUrl":"https://e-clone-a567d.web.app","appId":"1:52559770824:web:4211a1002de9d17bf821fd","type":"DEFAULT_SITE"}]}
[debug] [2023-03-27T18:24:51.731Z] >>> [apiv2][query] GET https://firebase.googleapis.com/v1beta1/projects/e-clone-a567d/webApps/1:52559770824:web:4211a1002de9d17bf821fd/config [none]
[debug] [2023-03-27T18:24:53.038Z] <<< [apiv2][status] GET https://firebase.googleapis.com/v1beta1/projects/e-clone-a567d/webApps/1:52559770824:web:4211a1002de9d17bf821fd/config 200
[debug] [2023-03-27T18:24:53.039Z] <<< [apiv2][body] GET https://firebase.googleapis.com/v1beta1/projects/e-clone-a567d/webApps/1:52559770824:web:4211a1002de9d17bf821fd/config {"projectId":"e-clone-a567d","appId":"1:52559770824:web:4211a1002de9d17bf821fd","storageBucket":"e-clone-a567d.appspot.com","apiKey":"AIzaSyDQ--sWgeCgVQKGXQh18Q-MU0YMsuMS8dg","authDomain":"e-clone-a567d.firebaseapp.com","messagingSenderId":"52559770824","measurementId":"G-DT60PCTZZS"}
[debug] [2023-03-27T18:24:53.048Z] >>> [apiv2][query] GET https://firebase.googleapis.com/v1beta1/projects/e-clone-a567d [none]
[debug] [2023-03-27T18:24:53.430Z] <<< [apiv2][status] GET https://firebase.googleapis.com/v1beta1/projects/e-clone-a567d 200
[debug] [2023-03-27T18:24:53.430Z] <<< [apiv2][body] GET https://firebase.googleapis.com/v1beta1/projects/e-clone-a567d {"projectId":"e-clone-a567d","projectNumber":"52559770824","displayName":"amazone-clone","name":"projects/e-clone-a567d","resources":{"hostingSite":"e-clone-a567d"},"state":"ACTIVE","etag":"1_a1b1a474-a188-4fb8-bfda-87ac3a1c6b91"}
[info] i  hosting[e-clone-a567d]: Serving hosting files from: build {"metadata":{"emulator":{"name":"hosting"},"message":"Serving hosting files from: \u001b[1mbuild\u001b[22m"}}
[info] +  hosting[e-clone-a567d]: Local server: http://127.0.0.1:5000 {"metadata":{"emulator":{"name":"hosting"},"message":"Local server: \u001b[4m\u001b[1mhttp://127.0.0.1:5000\u001b[22m\u001b[24m"}}
[info] i  ui: downloading ui-v1.11.4.zip... {"metadata":{"emulator":{"name":"ui"},"message":"downloading ui-v1.11.4.zip..."}}
[debug] [2023-03-27T18:24:53.478Z] >>> [apiv2][query] GET https://storage.googleapis.com/firebase-preview-drop/emulator/ui-v1.11.4.zip 
[debug] [2023-03-27T18:24:53.542Z] <<< [apiv2][status] GET https://storage.googleapis.com/firebase-preview-drop/emulator/ui-v1.11.4.zip 200
[debug] [2023-03-27T18:24:53.542Z] <<< [apiv2][body] GET https://storage.googleapis.com/firebase-preview-drop/emulator/ui-v1.11.4.zip [stream]
[debug] [2023-03-27T18:24:56.131Z] Ignoring unsupported arg: auto_download {"metadata":{"emulator":{"name":"ui"},"message":"Ignoring unsupported arg: auto_download"}}
[debug] [2023-03-27T18:24:56.132Z] Ignoring unsupported arg: port {"metadata":{"emulator":{"name":"ui"},"message":"Ignoring unsupported arg: port"}}
[debug] [2023-03-27T18:24:56.132Z] Starting Emulator UI with command {"binary":"node","args":["C:\\Users\\hp\\.cache\\firebase\\emulators\\ui-v1.11.4\\server\\server.js"],"optionalArgs":[],"joinArgs":false} {"metadata":{"emulator":{"name":"ui"},"message":"Starting Emulator UI with command {\"binary\":\"node\",\"args\":[\"C:\\\\Users\\\\hp\\\\.cache\\\\firebase\\\\emulators\\\\ui-v1.11.4\\\\server\\\\server.js\"],\"optionalArgs\":[],\"joinArgs\":false}"}}
[info] i  ui: Emulator UI logging to ui-debug.log {"metadata":{"emulator":{"name":"ui"},"message":"Emulator UI logging to \u001b[1mui-debug.log\u001b[22m"}}
[debug] [2023-03-27T18:24:56.363Z] Web / API server started at 127.0.0.1:4000
 {"metadata":{"emulator":{"name":"ui"},"message":"Web / API server started at 127.0.0.1:4000\n"}}
[debug] [2023-03-27T18:24:56.363Z] Web / API server started at ::1:4000
 {"metadata":{"emulator":{"name":"ui"},"message":"Web / API server started at ::1:4000\n"}}
[info] i  functions: Watching "C:\Users\hp\Desktop\Program\ReactProject\amazone-clone\functions" for Cloud Functions... {"metadata":{"emulator":{"name":"functions"},"message":"Watching \"C:\\Users\\hp\\Desktop\\Program\\ReactProject\\amazone-clone\\functions\" for Cloud Functions..."}}
[debug] [2023-03-27T18:24:56.426Z] Validating nodejs source
[debug] [2023-03-27T18:24:58.557Z] > [functions] package.json contents: {
  "name": "functions",
  "description": "Cloud Functions for Firebase",
  "scripts": {
    "lint": "eslint .",
    "serve": "firebase emulators:start --only functions",
    "shell": "firebase functions:shell",
    "start": "npm run shell",
    "deploy": "firebase deploy --only functions",
    "logs": "firebase functions:log"
  },
  "engines": {
    "node": "16"
  },
  "main": "index.js",
  "dependencies": {
    "cors": "^2.8.5",
    "express": "^4.18.2",
    "firebase-admin": "^11.5.0",
    "firebase-functions": "^4.2.0",
    "stripe": "^11.16.0"
  },
  "devDependencies": {
    "eslint": "^8.15.0",
    "eslint-config-google": "^0.14.0",
    "firebase-functions-test": "^3.0.0"
  },
  "private": true
}
[debug] [2023-03-27T18:24:58.557Z] Building nodejs source
[debug] [2023-03-27T18:24:58.558Z] Failed to find version of module node: reached end of search path C:\Users\hp\Desktop\Program\ReactProject\amazone-clone\functions\node_modules
[info] +  functions: Using node@16 from host. 
[debug] [2023-03-27T18:24:58.561Z] Could not find functions.yaml. Must use http discovery
[debug] [2023-03-27T18:24:58.571Z] Found firebase-functions binary at 'C:\Users\hp\Desktop\Program\ReactProject\amazone-clone\functions\node_modules\.bin\firebase-functions'
[debug] [2023-03-27T18:24:59.236Z] Serving at port 8750

[debug] [2023-03-27T18:25:00.055Z] Got response from /__/functions.yaml {"endpoints":{"api":{"platform":"gcfv1","availableMemoryMb":null,"timeoutSeconds":null,"minInstances":null,"maxInstances":null,"ingressSettings":null,"serviceAccountEmail":null,"vpc":null,"httpsTrigger":{},"entryPoint":"api"}},"specVersion":"v1alpha1","requiredAPIs":[]}
[debug] [2023-03-27T18:25:00.075Z] shutdown requested via /__/quitquitquit

[info] +  functions: Loaded functions definitions from source: api. {"metadata":{"emulator":{"name":"functions"},"message":"Loaded functions definitions from source: api."}}
[info] +  functions[us-central1-api]: http function initialized (http://127.0.0.1:5001/e-clone-a567d/us-central1/api). {"metadata":{"emulator":{"name":"functions"},"message":"\u001b[1mhttp\u001b[22m function initialized (http://127.0.0.1:5001/e-clone-a567d/us-central1/api)."}}
[info] 
┌─────────────────────────────────────────────────────────────┐
│ ✔  All emulators ready! It is now safe to connect your app. │
│ i  View Emulator UI at http://127.0.0.1:4000/               │
└─────────────────────────────────────────────────────────────┘

┌───────────┬────────────────┬─────────────────────────────────┐
│ Emulator  │ Host:Port      │ View in Emulator UI             │
├───────────┼────────────────┼─────────────────────────────────┤
│ Functions │ 127.0.0.1:5001 │ http://127.0.0.1:4000/functions │
├───────────┼────────────────┼─────────────────────────────────┤
│ Hosting   │ 127.0.0.1:5000 │ n/a                             │
└───────────┴────────────────┴─────────────────────────────────┘
  Emulator Hub running at 127.0.0.1:4400
  Other reserved ports: 4500

Issues? Report them at https://github.com/firebase/firebase-tools/issues and attach the *-debug.log files.
 
[debug] [2023-03-27T18:27:37.179Z] File C:\Users\hp\Desktop\Program\ReactProject\amazone-clone\functions\index.js changed, reloading triggers {"metadata":{"emulator":{"name":"functions"},"message":"File C:\\Users\\hp\\Desktop\\Program\\ReactProject\\amazone-clone\\functions\\index.js changed, reloading triggers"}}
[debug] [2023-03-27T18:27:38.235Z] Validating nodejs source
[debug] [2023-03-27T18:27:45.465Z] > [functions] package.json contents: {
  "name": "functions",
  "description": "Cloud Functions for Firebase",
  "scripts": {
    "lint": "eslint .",
    "serve": "firebase emulators:start --only functions",
    "shell": "firebase functions:shell",
    "start": "npm run shell",
    "deploy": "firebase deploy --only functions",
    "logs": "firebase functions:log"
  },
  "engines": {
    "node": "16"
  },
  "main": "index.js",
  "dependencies": {
    "cors": "^2.8.5",
    "express": "^4.18.2",
    "firebase-admin": "^11.5.0",
    "firebase-functions": "^4.2.0",
    "stripe": "^11.16.0"
  },
  "devDependencies": {
    "eslint": "^8.15.0",
    "eslint-config-google": "^0.14.0",
    "firebase-functions-test": "^3.0.0"
  },
  "private": true
}
[debug] [2023-03-27T18:27:45.470Z] Building nodejs source
[debug] [2023-03-27T18:27:45.472Z] Failed to find version of module node: reached end of search path C:\Users\hp\Desktop\Program\ReactProject\amazone-clone\functions\node_modules
[info] +  functions: Using node@16 from host. 
[debug] [2023-03-27T18:27:45.528Z] Could not find functions.yaml. Must use http discovery
[debug] [2023-03-27T18:27:45.577Z] Found firebase-functions binary at 'C:\Users\hp\Desktop\Program\ReactProject\amazone-clone\functions\node_modules\.bin\firebase-functions'
[debug] [2023-03-27T18:27:45.659Z] File C:\Users\hp\Desktop\Program\ReactProject\amazone-clone\functions\index.js changed, reloading triggers {"metadata":{"emulator":{"name":"functions"},"message":"File C:\\Users\\hp\\Desktop\\Program\\ReactProject\\amazone-clone\\functions\\index.js changed, reloading triggers"}}
[debug] [2023-03-27T18:27:47.837Z] Validating nodejs source
[debug] [2023-03-27T18:27:55.874Z] > [functions] package.json contents: {
  "name": "functions",
  "description": "Cloud Functions for Firebase",
  "scripts": {
    "lint": "eslint .",
    "serve": "firebase emulators:start --only functions",
    "shell": "firebase functions:shell",
    "start": "npm run shell",
    "deploy": "firebase deploy --only functions",
    "logs": "firebase functions:log"
  },
  "engines": {
    "node": "16"
  },
  "main": "index.js",
  "dependencies": {
    "cors": "^2.8.5",
    "express": "^4.18.2",
    "firebase-admin": "^11.5.0",
    "firebase-functions": "^4.2.0",
    "stripe": "^11.16.0"
  },
  "devDependencies": {
    "eslint": "^8.15.0",
    "eslint-config-google": "^0.14.0",
    "firebase-functions-test": "^3.0.0"
  },
  "private": true
}
[debug] [2023-03-27T18:27:55.874Z] Building nodejs source
[debug] [2023-03-27T18:27:55.874Z] Failed to find version of module node: reached end of search path C:\Users\hp\Desktop\Program\ReactProject\amazone-clone\functions\node_modules
[info] +  functions: Using node@16 from host. 
[debug] [2023-03-27T18:27:55.879Z] Could not find functions.yaml. Must use http discovery
[debug] [2023-03-27T18:27:55.887Z] Found firebase-functions binary at 'C:\Users\hp\Desktop\Program\ReactProject\amazone-clone\functions\node_modules\.bin\firebase-functions'
[debug] [2023-03-27T18:27:55.912Z] Serving at port 8160

[debug] [2023-03-27T18:27:56.627Z] Serving at port 8498

[debug] [2023-03-27T18:27:57.273Z] Got response from /__/functions.yaml {"endpoints":{"api":{"platform":"gcfv1","availableMemoryMb":null,"timeoutSeconds":null,"minInstances":null,"maxInstances":null,"ingressSettings":null,"serviceAccountEmail":null,"vpc":null,"httpsTrigger":{},"entryPoint":"api"}},"specVersion":"v1alpha1","requiredAPIs":[]}
[debug] [2023-03-27T18:27:57.304Z] shutdown requested via /__/quitquitquit

[debug] [2023-03-27T18:27:57.365Z] Got response from /__/functions.yaml {"endpoints":{"api":{"platform":"gcfv1","availableMemoryMb":null,"timeoutSeconds":null,"minInstances":null,"maxInstances":null,"ingressSettings":null,"serviceAccountEmail":null,"vpc":null,"httpsTrigger":{},"entryPoint":"api"}},"specVersion":"v1alpha1","requiredAPIs":[]}
[info] +  functions: Loaded functions definitions from source: api. {"metadata":{"emulator":{"name":"functions"},"message":"Loaded functions definitions from source: api."}}
[debug] [2023-03-27T18:27:57.404Z] shutdown requested via /__/quitquitquit

[info] +  functions: Loaded functions definitions from source: api. {"metadata":{"emulator":{"name":"functions"},"message":"Loaded functions definitions from source: api."}}
[debug] [2023-03-27T18:28:00.420Z] File C:\Users\hp\Desktop\Program\ReactProject\amazone-clone\functions\index.js changed, reloading triggers {"metadata":{"emulator":{"name":"functions"},"message":"File C:\\Users\\hp\\Desktop\\Program\\ReactProject\\amazone-clone\\functions\\index.js changed, reloading triggers"}}
[debug] [2023-03-27T18:28:01.422Z] Validating nodejs source
[debug] [2023-03-27T18:28:03.480Z] > [functions] package.json contents: {
  "name": "functions",
  "description": "Cloud Functions for Firebase",
  "scripts": {
    "lint": "eslint .",
    "serve": "firebase emulators:start --only functions",
    "shell": "firebase functions:shell",
    "start": "npm run shell",
    "deploy": "firebase deploy --only functions",
    "logs": "firebase functions:log"
  },
  "engines": {
    "node": "16"
  },
  "main": "index.js",
  "dependencies": {
    "cors": "^2.8.5",
    "express": "^4.18.2",
    "firebase-admin": "^11.5.0",
    "firebase-functions": "^4.2.0",
    "stripe": "^11.16.0"
  },
  "devDependencies": {
    "eslint": "^8.15.0",
    "eslint-config-google": "^0.14.0",
    "firebase-functions-test": "^3.0.0"
  },
  "private": true
}
[debug] [2023-03-27T18:28:03.481Z] Building nodejs source
[debug] [2023-03-27T18:28:03.481Z] Failed to find version of module node: reached end of search path C:\Users\hp\Desktop\Program\ReactProject\amazone-clone\functions\node_modules
[info] +  functions: Using node@16 from host. 
[debug] [2023-03-27T18:28:03.485Z] Could not find functions.yaml. Must use http discovery
[debug] [2023-03-27T18:28:03.495Z] Found firebase-functions binary at 'C:\Users\hp\Desktop\Program\ReactProject\amazone-clone\functions\node_modules\.bin\firebase-functions'
[debug] [2023-03-27T18:28:03.524Z] File C:\Users\hp\Desktop\Program\ReactProject\amazone-clone\functions\index.js changed, reloading triggers {"metadata":{"emulator":{"name":"functions"},"message":"File C:\\Users\\hp\\Desktop\\Program\\ReactProject\\amazone-clone\\functions\\index.js changed, reloading triggers"}}
[debug] [2023-03-27T18:28:04.335Z] File C:\Users\hp\Desktop\Program\ReactProject\amazone-clone\functions\index.js changed, reloading triggers {"metadata":{"emulator":{"name":"functions"},"message":"File C:\\Users\\hp\\Desktop\\Program\\ReactProject\\amazone-clone\\functions\\index.js changed, reloading triggers"}}
[debug] [2023-03-27T18:28:04.690Z] Serving at port 8196

[debug] [2023-03-27T18:28:05.602Z] Validating nodejs source
[debug] [2023-03-27T18:28:13.558Z] > [functions] package.json contents: {
  "name": "functions",
  "description": "Cloud Functions for Firebase",
  "scripts": {
    "lint": "eslint .",
    "serve": "firebase emulators:start --only functions",
    "shell": "firebase functions:shell",
    "start": "npm run shell",
    "deploy": "firebase deploy --only functions",
    "logs": "firebase functions:log"
  },
  "engines": {
    "node": "16"
  },
  "main": "index.js",
  "dependencies": {
    "cors": "^2.8.5",
    "express": "^4.18.2",
    "firebase-admin": "^11.5.0",
    "firebase-functions": "^4.2.0",
    "stripe": "^11.16.0"
  },
  "devDependencies": {
    "eslint": "^8.15.0",
    "eslint-config-google": "^0.14.0",
    "firebase-functions-test": "^3.0.0"
  },
  "private": true
}
[debug] [2023-03-27T18:28:13.559Z] Building nodejs source
[debug] [2023-03-27T18:28:13.559Z] Failed to find version of module node: reached end of search path C:\Users\hp\Desktop\Program\ReactProject\amazone-clone\functions\node_modules
[info] +  functions: Using node@16 from host. 
[debug] [2023-03-27T18:28:13.561Z] Could not find functions.yaml. Must use http discovery
[debug] [2023-03-27T18:28:13.572Z] Found firebase-functions binary at 'C:\Users\hp\Desktop\Program\ReactProject\amazone-clone\functions\node_modules\.bin\firebase-functions'
[debug] [2023-03-27T18:28:13.592Z] Got response from /__/functions.yaml {"endpoints":{"api":{"platform":"gcfv1","availableMemoryMb":null,"timeoutSeconds":null,"minInstances":null,"maxInstances":null,"ingressSettings":null,"serviceAccountEmail":null,"vpc":null,"httpsTrigger":{},"entryPoint":"api"}},"specVersion":"v1alpha1","requiredAPIs":[]}
[debug] [2023-03-27T18:28:13.612Z] shutdown requested via /__/quitquitquit

[info] +  functions: Loaded functions definitions from source: api. {"metadata":{"emulator":{"name":"functions"},"message":"Loaded functions definitions from source: api."}}
[debug] [2023-03-27T18:28:14.293Z] Serving at port 8382

[debug] [2023-03-27T18:28:14.927Z] Got response from /__/functions.yaml {"endpoints":{"api":{"platform":"gcfv1","availableMemoryMb":null,"timeoutSeconds":null,"minInstances":null,"maxInstances":null,"ingressSettings":null,"serviceAccountEmail":null,"vpc":null,"httpsTrigger":{},"entryPoint":"api"}},"specVersion":"v1alpha1","requiredAPIs":[]}
[debug] [2023-03-27T18:28:14.939Z] shutdown requested via /__/quitquitquit

[info] +  functions: Loaded functions definitions from source: api. {"metadata":{"emulator":{"name":"functions"},"message":"Loaded functions definitions from source: api."}}
[debug] [2023-03-27T18:28:20.773Z] File C:\Users\hp\Desktop\Program\ReactProject\amazone-clone\functions\index.js changed, reloading triggers {"metadata":{"emulator":{"name":"functions"},"message":"File C:\\Users\\hp\\Desktop\\Program\\ReactProject\\amazone-clone\\functions\\index.js changed, reloading triggers"}}
[debug] [2023-03-27T18:28:21.345Z] File C:\Users\hp\Desktop\Program\ReactProject\amazone-clone\functions\index.js changed, reloading triggers {"metadata":{"emulator":{"name":"functions"},"message":"File C:\\Users\\hp\\Desktop\\Program\\ReactProject\\amazone-clone\\functions\\index.js changed, reloading triggers"}}
[debug] [2023-03-27T18:28:22.358Z] Validating nodejs source
[debug] [2023-03-27T18:28:30.488Z] > [functions] package.json contents: {
  "name": "functions",
  "description": "Cloud Functions for Firebase",
  "scripts": {
    "lint": "eslint .",
    "serve": "firebase emulators:start --only functions",
    "shell": "firebase functions:shell",
    "start": "npm run shell",
    "deploy": "firebase deploy --only functions",
    "logs": "firebase functions:log"
  },
  "engines": {
    "node": "16"
  },
  "main": "index.js",
  "dependencies": {
    "cors": "^2.8.5",
    "express": "^4.18.2",
    "firebase-admin": "^11.5.0",
    "firebase-functions": "^4.2.0",
    "stripe": "^11.16.0"
  },
  "devDependencies": {
    "eslint": "^8.15.0",
    "eslint-config-google": "^0.14.0",
    "firebase-functions-test": "^3.0.0"
  },
  "private": true
}
[debug] [2023-03-27T18:28:30.489Z] Building nodejs source
[debug] [2023-03-27T18:28:30.489Z] Failed to find version of module node: reached end of search path C:\Users\hp\Desktop\Program\ReactProject\amazone-clone\functions\node_modules
[info] +  functions: Using node@16 from host. 
[debug] [2023-03-27T18:28:30.538Z] Could not find functions.yaml. Must use http discovery
[debug] [2023-03-27T18:28:30.554Z] Found firebase-functions binary at 'C:\Users\hp\Desktop\Program\ReactProject\amazone-clone\functions\node_modules\.bin\firebase-functions'
[debug] [2023-03-27T18:28:30.610Z] [work-queue] {"queuedWork":["/e-clone-a567d/us-central1/api-2023-03-27T18:28:30.606Z"],"queueLength":1,"runningWork":[],"workRunningCount":0}
[debug] [2023-03-27T18:28:30.612Z] [work-queue] {"queuedWork":[],"queueLength":0,"runningWork":["/e-clone-a567d/us-central1/api-2023-03-27T18:28:30.606Z"],"workRunningCount":1}
[debug] [2023-03-27T18:28:30.618Z] Accepted request GET /e-clone-a567d/us-central1/api --> us-central1-api
[debug] [2023-03-27T18:28:30.664Z] [functions] Runtime ready! Sending request! {"metadata":{"emulator":{"name":"functions"},"message":"[functions] Runtime ready! Sending request!"}}
[debug] [2023-03-27T18:28:30.668Z] [functions] Got req.url=/e-clone-a567d/us-central1/api, mapping to path=/ {"metadata":{"emulator":{"name":"functions"},"message":"[functions] Got req.url=/e-clone-a567d/us-central1/api, mapping to path=/"}}
[debug] [2023-03-27T18:28:30.712Z] [worker-pool] addWorker(us-central1-api) {"metadata":{"emulator":{"name":"functions"},"message":"[worker-pool] addWorker(us-central1-api)"}}
[debug] [2023-03-27T18:28:30.719Z] [worker-pool] Adding worker with key us-central1-api, total=1 {"metadata":{"emulator":{"name":"functions"},"message":"[worker-pool] Adding worker with key us-central1-api, total=1"}}
[debug] [2023-03-27T18:28:31.304Z] Serving at port 8452

[debug] [2023-03-27T18:28:32.799Z] Got response from /__/functions.yaml {"endpoints":{"api":{"platform":"gcfv1","availableMemoryMb":null,"timeoutSeconds":null,"minInstances":null,"maxInstances":null,"ingressSettings":null,"serviceAccountEmail":null,"vpc":null,"httpsTrigger":{},"entryPoint":"api"}},"specVersion":"v1alpha1","requiredAPIs":[]}
[debug] [2023-03-27T18:28:32.812Z] shutdown requested via /__/quitquitquit

[info] +  functions: Loaded functions definitions from source: api. {"metadata":{"emulator":{"name":"functions"},"message":"Loaded functions definitions from source: api."}}
[debug] [2023-03-27T18:28:35.042Z] [runtime-status] [15772] Resolved module firebase-admin {"declared":true,"installed":true,"version":"11.5.0","resolution":"C:\\Users\\hp\\Desktop\\Program\\ReactProject\\amazone-clone\\functions\\node_modules\\firebase-admin\\lib\\index.js"} {"metadata":{"emulator":{"name":"functions"},"function":{"name":"us-central1-api"},"extension":{},"message":"[runtime-status] [15772] Resolved module firebase-admin {\"declared\":true,\"installed\":true,\"version\":\"11.5.0\",\"resolution\":\"C:\\\\Users\\\\hp\\\\Desktop\\\\Program\\\\ReactProject\\\\amazone-clone\\\\functions\\\\node_modules\\\\firebase-admin\\\\lib\\\\index.js\"}"}}
[debug] [2023-03-27T18:28:35.042Z] [runtime-status] [15772] Resolved module firebase-functions {"declared":true,"installed":true,"version":"4.2.1","resolution":"C:\\Users\\hp\\Desktop\\Program\\ReactProject\\amazone-clone\\functions\\node_modules\\firebase-functions\\lib\\v1\\index.js"} {"metadata":{"emulator":{"name":"functions"},"function":{"name":"us-central1-api"},"extension":{},"message":"[runtime-status] [15772] Resolved module firebase-functions {\"declared\":true,\"installed\":true,\"version\":\"4.2.1\",\"resolution\":\"C:\\\\Users\\\\hp\\\\Desktop\\\\Program\\\\ReactProject\\\\amazone-clone\\\\functions\\\\node_modules\\\\firebase-functions\\\\lib\\\\v1\\\\index.js\"}"}}
[debug] [2023-03-27T18:28:35.043Z] [runtime-status] [15772] Outgoing network have been stubbed. [{"name":"http","status":"mocked"},{"name":"http","status":"mocked"},{"name":"https","status":"mocked"},{"name":"https","status":"mocked"},{"name":"net","status":"mocked"}] {"metadata":{"emulator":{"name":"functions"},"function":{"name":"us-central1-api"},"extension":{},"message":"[runtime-status] [15772] Outgoing network have been stubbed. [{\"name\":\"http\",\"status\":\"mocked\"},{\"name\":\"http\",\"status\":\"mocked\"},{\"name\":\"https\",\"status\":\"mocked\"},{\"name\":\"https\",\"status\":\"mocked\"},{\"name\":\"net\",\"status\":\"mocked\"}]"}}
[debug] [2023-03-27T18:28:35.043Z] [runtime-status] [15772] Resolved module firebase-functions {"declared":true,"installed":true,"version":"4.2.1","resolution":"C:\\Users\\hp\\Desktop\\Program\\ReactProject\\amazone-clone\\functions\\node_modules\\firebase-functions\\lib\\v1\\index.js"} {"metadata":{"emulator":{"name":"functions"},"function":{"name":"us-central1-api"},"extension":{},"message":"[runtime-status] [15772] Resolved module firebase-functions {\"declared\":true,\"installed\":true,\"version\":\"4.2.1\",\"resolution\":\"C:\\\\Users\\\\hp\\\\Desktop\\\\Program\\\\ReactProject\\\\amazone-clone\\\\functions\\\\node_modules\\\\firebase-functions\\\\lib\\\\v1\\\\index.js\"}"}}
[debug] [2023-03-27T18:28:35.563Z] [runtime-status] [15772] Checked functions.config() {"config":{}} {"metadata":{"emulator":{"name":"functions"},"function":{"name":"us-central1-api"},"extension":{},"message":"[runtime-status] [15772] Checked functions.config() {\"config\":{}}"}}
[debug] [2023-03-27T18:28:35.565Z] [runtime-status] [15772] firebase-functions has been stubbed. {"functionsResolution":{"declared":true,"installed":true,"version":"4.2.1","resolution":"C:\\Users\\hp\\Desktop\\Program\\ReactProject\\amazone-clone\\functions\\node_modules\\firebase-functions\\lib\\v1\\index.js"}} {"metadata":{"emulator":{"name":"functions"},"function":{"name":"us-central1-api"},"extension":{},"message":"[runtime-status] [15772] firebase-functions has been stubbed. {\"functionsResolution\":{\"declared\":true,\"installed\":true,\"version\":\"4.2.1\",\"resolution\":\"C:\\\\Users\\\\hp\\\\Desktop\\\\Program\\\\ReactProject\\\\amazone-clone\\\\functions\\\\node_modules\\\\firebase-functions\\\\lib\\\\v1\\\\index.js\"}}"}}
[debug] [2023-03-27T18:28:35.566Z] [runtime-status] [15772] Resolved module firebase-functions {"declared":true,"installed":true,"version":"4.2.1","resolution":"C:\\Users\\hp\\Desktop\\Program\\ReactProject\\amazone-clone\\functions\\node_modules\\firebase-functions\\lib\\v1\\index.js"} {"metadata":{"emulator":{"name":"functions"},"function":{"name":"us-central1-api"},"extension":{},"message":"[runtime-status] [15772] Resolved module firebase-functions {\"declared\":true,\"installed\":true,\"version\":\"4.2.1\",\"resolution\":\"C:\\\\Users\\\\hp\\\\Desktop\\\\Program\\\\ReactProject\\\\amazone-clone\\\\functions\\\\node_modules\\\\firebase-functions\\\\lib\\\\v1\\\\index.js\"}"}}
[debug] [2023-03-27T18:28:35.566Z] [runtime-status] [15772] Resolved module firebase-admin {"declared":true,"installed":true,"version":"11.5.0","resolution":"C:\\Users\\hp\\Desktop\\Program\\ReactProject\\amazone-clone\\functions\\node_modules\\firebase-admin\\lib\\index.js"} {"metadata":{"emulator":{"name":"functions"},"function":{"name":"us-central1-api"},"extension":{},"message":"[runtime-status] [15772] Resolved module firebase-admin {\"declared\":true,\"installed\":true,\"version\":\"11.5.0\",\"resolution\":\"C:\\\\Users\\\\hp\\\\Desktop\\\\Program\\\\ReactProject\\\\amazone-clone\\\\functions\\\\node_modules\\\\firebase-admin\\\\lib\\\\index.js\"}"}}
[debug] [2023-03-27T18:28:35.574Z] [runtime-status] [15772] Resolved module firebase-functions {"declared":true,"installed":true,"version":"4.2.1","resolution":"C:\\Users\\hp\\Desktop\\Program\\ReactProject\\amazone-clone\\functions\\node_modules\\firebase-functions\\lib\\v1\\index.js"} {"metadata":{"emulator":{"name":"functions"},"function":{"name":"us-central1-api"},"extension":{},"message":"[runtime-status] [15772] Resolved module firebase-functions {\"declared\":true,\"installed\":true,\"version\":\"4.2.1\",\"resolution\":\"C:\\\\Users\\\\hp\\\\Desktop\\\\Program\\\\ReactProject\\\\amazone-clone\\\\functions\\\\node_modules\\\\firebase-functions\\\\lib\\\\v1\\\\index.js\"}"}}
[debug] [2023-03-27T18:28:35.575Z] [runtime-status] [15772] firebase-admin has been stubbed. {"adminResolution":{"declared":true,"installed":true,"version":"11.5.0","resolution":"C:\\Users\\hp\\Desktop\\Program\\ReactProject\\amazone-clone\\functions\\node_modules\\firebase-admin\\lib\\index.js"}} {"metadata":{"emulator":{"name":"functions"},"function":{"name":"us-central1-api"},"extension":{},"message":"[runtime-status] [15772] firebase-admin has been stubbed. {\"adminResolution\":{\"declared\":true,\"installed\":true,\"version\":\"11.5.0\",\"resolution\":\"C:\\\\Users\\\\hp\\\\Desktop\\\\Program\\\\ReactProject\\\\amazone-clone\\\\functions\\\\node_modules\\\\firebase-admin\\\\lib\\\\index.js\"}}"}}
[debug] [2023-03-27T18:28:35.952Z] [runtime-status] [15772] Functions runtime initialized. {"cwd":"C:\\Users\\hp\\Desktop\\Program\\ReactProject\\amazone-clone\\functions","node_version":"16.14.0"} {"metadata":{"emulator":{"name":"functions"},"function":{"name":"us-central1-api"},"extension":{},"message":"[runtime-status] [15772] Functions runtime initialized. {\"cwd\":\"C:\\\\Users\\\\hp\\\\Desktop\\\\Program\\\\ReactProject\\\\amazone-clone\\\\functions\",\"node_version\":\"16.14.0\"}"}}
[debug] [2023-03-27T18:28:35.952Z] [runtime-status] [15772] Listening to port: \\?\pipe\fire_emu_d7ef2f884ec7a10b {"metadata":{"emulator":{"name":"functions"},"function":{"name":"us-central1-api"},"extension":{},"message":"[runtime-status] [15772] Listening to port: \\\\?\\pipe\\fire_emu_d7ef2f884ec7a10b"}}
[debug] [2023-03-27T18:28:36.015Z] [worker-us-central1-api-842c6502-8093-4cd9-85f9-babe7ffeb51a]: IDLE {"metadata":{"emulator":{"name":"functions"},"function":{"name":"us-central1-api"},"extension":{},"message":"[worker-us-central1-api-842c6502-8093-4cd9-85f9-babe7ffeb51a]: IDLE"}}
[debug] [2023-03-27T18:28:36.015Z] [worker-pool] submitRequest(triggerId=us-central1-api) {"metadata":{"emulator":{"name":"functions"},"message":"[worker-pool] submitRequest(triggerId=us-central1-api)"}}
[info] i  functions: Beginning execution of "us-central1-api" {"metadata":{"emulator":{"name":"functions"},"function":{"name":"us-central1-api"},"extension":{},"message":"Beginning execution of \"us-central1-api\""}}
[debug] [2023-03-27T18:28:36.020Z] [worker-us-central1-api-842c6502-8093-4cd9-85f9-babe7ffeb51a]: BUSY {"metadata":{"emulator":{"name":"functions"},"function":{"name":"us-central1-api"},"extension":{},"message":"[worker-us-central1-api-842c6502-8093-4cd9-85f9-babe7ffeb51a]: BUSY"}}
[info] i  functions: Finished "us-central1-api" in 12.5324ms {"metadata":{"emulator":{"name":"functions"},"function":{"name":"us-central1-api"},"extension":{},"message":"Finished \"us-central1-api\" in 12.5324ms"}}
[debug] [2023-03-27T18:28:36.036Z] [worker-us-central1-api-842c6502-8093-4cd9-85f9-babe7ffeb51a]: IDLE {"metadata":{"emulator":{"name":"functions"},"function":{"name":"us-central1-api"},"extension":{},"message":"[worker-us-central1-api-842c6502-8093-4cd9-85f9-babe7ffeb51a]: IDLE"}}
[debug] [2023-03-27T18:28:36.036Z] [work-queue] {"queuedWork":[],"queueLength":0,"runningWork":[],"workRunningCount":0}
[debug] [2023-03-27T18:28:36.665Z] Functions emulator received unknown request at path /favicon.ico
[debug] [2023-03-27T18:34:21.314Z] [worker-us-central1-api-842c6502-8093-4cd9-85f9-babe7ffeb51a]: exited {"metadata":{"emulator":{"name":"functions"},"function":{"name":"us-central1-api"},"extension":{},"message":"[worker-us-central1-api-842c6502-8093-4cd9-85f9-babe7ffeb51a]: exited"}}
